[debug] [2026-04-14T16:48:52.125Z] ----------------------------------------------------------------------
[debug] [2026-04-14T16:48:52.134Z] Command:       D:\Coding\Node.js\node.exe C:\Users\ACER\AppData\Roaming\npm\node_modules\firebase-tools\lib\bin\firebase.js init functions
[debug] [2026-04-14T16:48:52.135Z] CLI Version:   15.14.0
[debug] [2026-04-14T16:48:52.135Z] Platform:      win32
[debug] [2026-04-14T16:48:52.135Z] Node Version:  v22.14.0
[debug] [2026-04-14T16:48:52.135Z] Time:          Tue Apr 14 2026 23:48:52 GMT+0700 (Giờ Đông Dương)
[debug] [2026-04-14T16:48:52.135Z] ----------------------------------------------------------------------
[debug] 
[info] 
     ######## #### ########  ######## ########     ###     ######  ########
     ##        ##  ##     ## ##       ##     ##  ##   ##  ##       ##
     ######    ##  ########  ######   ########  #########  ######  ######
     ##        ##  ##    ##  ##       ##     ## ##     ##       ## ##
     ##       #### ##     ## ######## ########  ##     ##  ######  ########

You're about to initialize a Firebase project in this directory:

  D:\Coding\Y4\Y4T2\nhúng\firebase-functions

[info] 
=== Project Setup
[info] 
[info] First, let's associate this project directory with a Firebase project.
[info] You can create multiple project aliases by running firebase use --add, 
[info] 
